[debug] [2017-06-16T06:01:48.638Z] ----------------------------------------------------------------------
[debug] [2017-06-16T06:01:48.640Z] Command:      C:\Program Files\nodejs\node.exe C:\Users\Omen\AppData\Roaming\npm\node_modules\firebase-tools\bin\firebase serve
[debug] [2017-06-16T06:01:48.641Z] CLI Version:  3.9.1
[debug] [2017-06-16T06:01:48.641Z] Platform:     win32
[debug] [2017-06-16T06:01:48.641Z] Node Version: v6.11.0
[debug] [2017-06-16T06:01:48.642Z] Time:         Fri Jun 16 2017 14:01:48 GMT+0800 (Malay Peninsula Standard Time)
[debug] [2017-06-16T06:01:48.642Z] ----------------------------------------------------------------------
[debug] 
[debug] [2017-06-16T06:01:48.655Z] > command requires scopes: ["email","openid","https://www.googleapis.com/auth/cloudplatformprojects.readonly","https://www.googleapis.com/auth/firebase","https://www.googleapis.com/auth/cloud-platform"]
[debug] [2017-06-16T06:01:48.655Z] > authorizing via signed-in user
[debug] [2017-06-16T06:01:48.657Z] >>> HTTP REQUEST GET https://admin.firebase.com/v1/projects/beecon-12917  
 Fri Jun 16 2017 14:01:48 GMT+0800 (Malay Peninsula Standard Time)
[debug] [2017-06-16T06:01:50.922Z] <<< HTTP RESPONSE 200
[debug] [2017-06-16T06:01:50.922Z] >>> HTTP REQUEST GET https://admin.firebase.com/v1/database/beecon-12917/tokens  
 Fri Jun 16 2017 14:01:50 GMT+0800 (Malay Peninsula Standard Time)
[debug] [2017-06-16T06:01:53.409Z] <<< HTTP RESPONSE 200
[info] 
[info] === Serving from 'D:\Work and Organizations\Beecon\JS Visualization'...
[info] 
[debug] [2017-06-16T06:01:53.415Z] >>> HTTP REQUEST GET https://cloudresourcemanager.googleapis.com/v1/projects/beecon-12917  
 Fri Jun 16 2017 14:01:53 GMT+0800 (Malay Peninsula Standard Time)
[debug] [2017-06-16T06:01:54.526Z] <<< HTTP RESPONSE 200
[debug] [2017-06-16T06:01:54.527Z] >>> HTTP REQUEST GET https://mobilesdk-pa.googleapis.com/v1/projects/1088038959676/clients/_:getWebAppConfig  
 Fri Jun 16 2017 14:01:54 GMT+0800 (Malay Peninsula Standard Time)
[debug] [2017-06-16T06:01:55.636Z] <<< HTTP RESPONSE 200
[info] i  hosting: Serving hosting files from: public
[info] +  hosting: Local server: http://localhost:5000

[debug] [2017-06-22T03:00:14.036Z] ----------------------------------------------------------------------
[debug] [2017-06-22T03:00:14.039Z] Command:      C:\Program Files\nodejs\node.exe C:\Users\Omen\AppData\Roaming\npm\node_modules\firebase-tools\bin\firebase serve
[debug] [2017-06-22T03:00:14.039Z] CLI Version:  3.9.1
[debug] [2017-06-22T03:00:14.039Z] Platform:     win32
[debug] [2017-06-22T03:00:14.039Z] Node Version: v6.11.0
[debug] [2017-06-22T03:00:14.041Z] Time:         Thu Jun 22 2017 11:00:14 GMT+0800 (Malay Peninsula Standard Time)
[debug] [2017-06-22T03:00:14.041Z] ----------------------------------------------------------------------
[debug] 
[debug] [2017-06-22T03:00:14.059Z] > command requires scopes: ["email","openid","https://www.googleapis.com/auth/cloudplatformprojects.readonly","https://www.googleapis.com/auth/firebase","https://www.googleapis.com/auth/cloud-platform"]
[debug] [2017-06-22T03:00:14.059Z] > authorizing via signed-in user
[debug] [2017-06-22T03:00:14.061Z] > refreshing access token with scopes: ["email","https://www.googleapis.com/auth/cloud-platform","https://www.googleapis.com/auth/cloudplatformprojects.readonly","https://www.googleapis.com/auth/firebase","openid"]
[debug] [2017-06-22T03:00:14.061Z] >>> HTTP REQUEST POST https://www.googleapis.com/oauth2/v3/token { refresh_token: '1/xrns5A8Gybn4SvGUOAgp3xClbARp6_s9pHdD0NY7nb8',
  client_id: '563584335869-fgrhgmd47bqnekij5i8b5pr03ho849e6.apps.googleusercontent.com',
  client_secret: 'j9iVZfS8kkCEFUPaAeJV0sAi',
  grant_type: 'refresh_token',
  scope: 'email https://www.googleapis.com/auth/cloud-platform https://www.googleapis.com/auth/cloudplatformprojects.readonly https://www.googleapis.com/auth/firebase openid' } 
 Thu Jun 22 2017 11:00:14 GMT+0800 (Malay Peninsula Standard Time)
[debug] [2017-06-22T03:00:15.285Z] <<< HTTP RESPONSE 200
[debug] [2017-06-22T03:00:15.295Z] >>> HTTP REQUEST GET https://admin.firebase.com/v1/projects/beecon-12917  
 Thu Jun 22 2017 11:00:15 GMT+0800 (Malay Peninsula Standard Time)
[debug] [2017-06-22T03:00:19.056Z] <<< HTTP RESPONSE 200
[debug] [2017-06-22T03:00:19.058Z] >>> HTTP REQUEST GET https://admin.firebase.com/v1/database/beecon-12917/tokens  
 Thu Jun 22 2017 11:00:19 GMT+0800 (Malay Peninsula Standard Time)
[debug] [2017-06-22T03:00:20.553Z] <<< HTTP RESPONSE 200
[info] 
[info] === Serving from 'D:\Work and Organizations\Beecon\JS Visualization'...
[info] 
[debug] [2017-06-22T03:00:20.560Z] >>> HTTP REQUEST GET https://cloudresourcemanager.googleapis.com/v1/projects/beecon-12917  
 Thu Jun 22 2017 11:00:20 GMT+0800 (Malay Peninsula Standard Time)
[debug] [2017-06-22T03:00:23.152Z] <<< HTTP RESPONSE 200
[debug] [2017-06-22T03:00:23.153Z] >>> HTTP REQUEST GET https://mobilesdk-pa.googleapis.com/v1/projects/1088038959676/clients/_:getWebAppConfig  
 Thu Jun 22 2017 11:00:23 GMT+0800 (Malay Peninsula Standard Time)
[debug] [2017-06-22T03:00:26.014Z] <<< HTTP RESPONSE 200
[info] i  hosting: Serving hosting files from: public
[info] +  hosting: Local server: http://localhost:5000

[debug] [2017-06-22T14:57:04.821Z] ----------------------------------------------------------------------
[debug] [2017-06-22T14:57:04.823Z] Command:      C:\Program Files\nodejs\node.exe C:\Users\Omen\AppData\Roaming\npm\node_modules\firebase-tools\bin\firebase serve
[debug] [2017-06-22T14:57:04.824Z] CLI Version:  3.9.1
[debug] [2017-06-22T14:57:04.824Z] Platform:     win32
[debug] [2017-06-22T14:57:04.824Z] Node Version: v6.11.0
[debug] [2017-06-22T14:57:04.824Z] Time:         Thu Jun 22 2017 22:57:04 GMT+0800 (Malay Peninsula Standard Time)
[debug] [2017-06-22T14:57:04.824Z] ----------------------------------------------------------------------
[debug] 
[debug] [2017-06-22T14:57:04.842Z] > command requires scopes: ["email","openid","https://www.googleapis.com/auth/cloudplatformprojects.readonly","https://www.googleapis.com/auth/firebase","https://www.googleapis.com/auth/cloud-platform"]
[debug] [2017-06-22T14:57:04.843Z] > authorizing via signed-in user
[debug] [2017-06-22T14:57:04.846Z] > refreshing access token with scopes: ["email","https://www.googleapis.com/auth/cloud-platform","https://www.googleapis.com/auth/cloudplatformprojects.readonly","https://www.googleapis.com/auth/firebase","openid"]
[debug] [2017-06-22T14:57:04.847Z] >>> HTTP REQUEST POST https://www.googleapis.com/oauth2/v3/token { refresh_token: '1/xrns5A8Gybn4SvGUOAgp3xClbARp6_s9pHdD0NY7nb8',
  client_id: '563584335869-fgrhgmd47bqnekij5i8b5pr03ho849e6.apps.googleusercontent.com',
  client_secret: 'j9iVZfS8kkCEFUPaAeJV0sAi',
  grant_type: 'refresh_token',
  scope: 'email https://www.googleapis.com/auth/cloud-platform https://www.googleapis.com/auth/cloudplatformprojects.readonly https://www.googleapis.com/auth/firebase openid' } 
 Thu Jun 22 2017 22:57:04 GMT+0800 (Malay Peninsula Standard Time)
[debug] [2017-06-22T14:57:07.301Z] <<< HTTP RESPONSE 200
[debug] [2017-06-22T14:57:07.307Z] >>> HTTP REQUEST GET https://admin.firebase.com/v1/projects/beecon-12917  
 Thu Jun 22 2017 22:57:07 GMT+0800 (Malay Peninsula Standard Time)
[debug] [2017-06-22T14:57:08.834Z] <<< HTTP RESPONSE 200
[debug] [2017-06-22T14:57:08.834Z] >>> HTTP REQUEST GET https://admin.firebase.com/v1/database/beecon-12917/tokens  
 Thu Jun 22 2017 22:57:08 GMT+0800 (Malay Peninsula Standard Time)
[debug] [2017-06-22T14:57:09.792Z] <<< HTTP RESPONSE 200
[info] 
[info] === Serving from 'D:\Work and Organizations\Beecon\JS Visualization'...
[info] 
[debug] [2017-06-22T14:57:09.796Z] >>> HTTP REQUEST GET https://cloudresourcemanager.googleapis.com/v1/projects/beecon-12917  
 Thu Jun 22 2017 22:57:09 GMT+0800 (Malay Peninsula Standard Time)
[debug] [2017-06-22T14:57:11.954Z] <<< HTTP RESPONSE 200
[debug] [2017-06-22T14:57:11.954Z] >>> HTTP REQUEST GET https://mobilesdk-pa.googleapis.com/v1/projects/1088038959676/clients/_:getWebAppConfig  
 Thu Jun 22 2017 22:57:11 GMT+0800 (Malay Peninsula Standard Time)
[debug] [2017-06-22T14:57:14.147Z] <<< HTTP RESPONSE 200
[info] i  hosting: Serving hosting files from: public
[info] +  hosting: Local server: http://localhost:5000

